2023-12-04T13:06:24+00:00 DEBUG POST: https://ads.tiktok.com/marketing_api/api/developer/app/create_auto_approve/

{"business_platform":"PROD","smb_id":"tt4b_woocommerce_656dced080658httpsimpl-vintagelocalwp-admin","smb_name":"PROD","redirect_url":"http:\/\/simpl-vintage.local\/wp-admin\/"}
 ajax: no
2023-12-04T13:06:24+00:00 DEBUG Tt4b_Mapi_Class::create_open_source_app: Response: 

HTTP/1.1 200 OK
Content-Type: application/json
X-Tt-Logid: 20231204130623976F21C828E14A06B878,20231204130623976F21C828E14A06B878
Strict-Transport-Security: max-age=31536000; includeSubDomains
x-tt-trace-host: 01707893878a2add357313ac938c2a7f08d1a5d84d7d7ad24254b6466bd7c159c612a2e8382ce2257ba3b1d01a7060bf4b53eb23a3472c5aa0d45f18f075f9590e3f44520d55c6f1878199b1283ad3c684247dcc5382c27ec8ff3ccef9f6abc07780f9fcb42bbdd8827016ad258c33799a
x-tt-trace-id: 00-231204130623976F21C828E14A06B878-1E7FBE381E3791D3-00
Server: TLB
Content-Encoding: gzip
Content-Length: 204
X-Origin-Response-Time: 153,23.64.122.95
X-Akamai-Request-ID: 90a7b7d2.978f9563
Date: Mon, 04 Dec 2023 13:06:24 GMT
X-Cache: TCP_MISS from a23-34-62-47.deploy.akamaitechnologies.com (AkamaiGHost/11.3.2.1-52518411) (-)
Connection: close
Vary: Accept-Encoding
X-Cache-Remote: TCP_MISS from a23-64-122-95.deploy.akamaitechnologies.com (AkamaiGHost/11.3.2.1-52518411) (-)
x-tt-trace-tag: id=16;cdn-cache=miss;type=dyn
Server-Timing: cdn-cache; desc=MISS, edge; dur=166, origin; dur=153
Server-Timing: inner; dur=149
X-Parent-Response-Time: 313,23.34.62.47

{"code":0,"msg":"ok","data":{"redirect_uri":"http:\/\/simpl-vintage.local\/wp-admin\/","external_data_key":"3e247a46-07e9-4ecf-88e8-3bc5ceb592b0","app_id":"7308725166345814017","app_secret":"b17fa31fe85e3e29bd9c9ed7dda8013a2b59d8a6"}}

2023-12-04T13:19:04+00:00 DEBUG POST: https://business-api.tiktok.com/tbp/v2.0/business_profile/disconnect?external_data=

{"business_platform":"WOO_COMMERCE","external_business_id":"tt4b_woocommerce_656dced080658"}
 ajax: no
2023-12-04T13:19:04+00:00 DEBUG Tt4b_Mapi_Class::tbp_post: Response: 

HTTP/1.1 200 OK
Content-Type: application/json; charset=utf-8
Content-Length: 95
X-Api-Deprecation-Info: API for Business Version 1.3 is now live. To avoid disruption to your business, we recommend you migrate all calls to v1.3 as soon as possible. Please visit our migration guide for more details: https://ads.tiktok.com/marketing_api/docs?id=1740029169927169
X-Domain-Change-Info: We have moved to the new domain business-api.tiktok.com for API services after the Platform Upgrade on 09/30/2021. Please update all of your requests with the new domain if you haven't done so already. For more information, please visit https://ads.tiktok.com/marketing_api/docs?rid=esb88xalm6m&id=1709207085043713
X-Tt-Logid: 20231204131903DDD4A560FFDB62069095
x-tt-trace-host: 01707893878a2add357313ac938c2a7f08a0ad8171d2422397a1b78dc7f0c76132db09fb61d077a498c3e6a0496a9863a7b07b38a243bf4054019f2125c5d0ba66c17b1e353e083a80263d9c8ae4d29f6b6f22af0ab76e3725b5e5a68d2122ddb220594585bd21aea74c325cf457b6a27f
x-tt-trace-id: 00-231204131903DDD4A560FFDB62069095-382D048D0CB9DB63-00
Server: TLB
X-Origin-Response-Time: 14,104.88.70.85
X-Akamai-Request-ID: 660bc2c3.6d848de
Expires: Mon, 04 Dec 2023 13:19:04 GMT
Cache-Control: max-age=0, no-cache, no-store
Pragma: no-cache
Date: Mon, 04 Dec 2023 13:19:04 GMT
X-Cache: TCP_MISS from a96-17-105-204.deploy.akamaitechnologies.com (AkamaiGHost/11.3.2-52183077) (-)
Connection: close
X-Cache-Remote: TCP_MISS from a104-88-70-85.deploy.akamaitechnologies.com (AkamaiGHost/11.3.2-52183077) (-)
x-tt-trace-tag: id=16;cdn-cache=miss;type=dyn
Server-Timing: cdn-cache; desc=MISS, edge; dur=159, origin; dur=14
Server-Timing: inner; dur=10
X-Parent-Response-Time: 168,96.17.105.204

{"code":40001,"message":"Permission denied.","request_id":"20231204131903DDD4A560FFDB62069095"}

2023-12-04T13:19:04+00:00 DEBUG POST: https://business-api.tiktok.com/tbp/v2.0/shop/connection/disconnect?external_data=

--- EMPTY STRING ---
 ajax: no
2023-12-04T13:19:04+00:00 DEBUG Tt4b_Mapi_Class::tts_shop_disconnect: Response: 

HTTP/1.1 200 OK
Content-Type: application/json; charset=utf-8
Content-Length: 95
X-Api-Deprecation-Info: API for Business Version 1.3 is now live. To avoid disruption to your business, we recommend you migrate all calls to v1.3 as soon as possible. Please visit our migration guide for more details: https://ads.tiktok.com/marketing_api/docs?id=1740029169927169
X-Domain-Change-Info: We have moved to the new domain business-api.tiktok.com for API services after the Platform Upgrade on 09/30/2021. Please update all of your requests with the new domain if you haven't done so already. For more information, please visit https://ads.tiktok.com/marketing_api/docs?rid=esb88xalm6m&id=1709207085043713
X-Tt-Logid: 20231204131903DDD4A560FFDB620690AF
x-tt-trace-host: 01707893878a2add357313ac938c2a7f08a0ad8171d2422397a1b78dc7f0c76132db09fb61d077a498c3e6a0496a9863a7b07b38a243bf4054019f2125c5d0ba66c17b1e353e083a80263d9c8ae4d29f6b6f22af0ab76e3725b5e5a68d2122ddb220594585bd21aea74c325cf457b6a27f
x-tt-trace-id: 00-231204131903DDD4A560FFDB620690AF-382D048D0CB9DBCB-00
Server: TLB
X-Origin-Response-Time: 12,104.88.70.85
X-Akamai-Request-ID: 660bfcc7.6d84cfe
Expires: Mon, 04 Dec 2023 13:19:04 GMT
Cache-Control: max-age=0, no-cache, no-store
Pragma: no-cache
Date: Mon, 04 Dec 2023 13:19:04 GMT
X-Cache: TCP_MISS from a96-17-105-204.deploy.akamaitechnologies.com (AkamaiGHost/11.3.2-52183077) (-)
Connection: close
X-Cache-Remote: TCP_MISS from a104-88-70-85.deploy.akamaitechnologies.com (AkamaiGHost/11.3.2-52183077) (-)
x-tt-trace-tag: id=16;cdn-cache=miss;type=dyn
Server-Timing: cdn-cache; desc=MISS, edge; dur=159, origin; dur=12
Server-Timing: inner; dur=8
X-Parent-Response-Time: 168,96.17.105.204

{"code":40001,"message":"Permission denied.","request_id":"20231204131903DDD4A560FFDB620690AF"}

